<?xml version="1.0" encoding="UTF-8"?>
<testsuite name="Login Test"
           tests="2"
           failures="0"
           errors="0"
           skipped="0"
           time="7.931">
  <properties />
  
  
            <testcase name="verifyThatUserPlaceOrderSuccessfully" time="6.892" classname="com.tutorialsninja.testsuite.LaptopsAndNotebooksTest" />
                <testcase name="verifyProductsPriceDisplayHighToLowSuccessfully" time="1.039" classname="com.tutorialsninja.testsuite.LaptopsAndNotebooksTest" />
      
</testsuite>
